<?xml version="1.0" encoding="UTF-8"?>
<testsuite name="DummyTest" tests="1" time="0.957259346" failures="0" errors="0" skipped="0" assertions="1">
  <testcase name="test_truth" time="0.957028567" assertions="1">
  </testcase>
  <system-out>
  </system-out>
  <system-err>
  </system-err>
</testsuite>
